0 info it worked if it ends with ok
1 verbose cli [ '/Users/shibata/.nodebrew/node/v5.2.0/bin/node',
1 verbose cli   '/Users/shibata/.nodebrew/current/bin/npm',
1 verbose cli   'start' ]
2 info using npm@3.3.12
3 info using node@v5.2.0
4 verbose stack Error: missing script: start
4 verbose stack     at run (/Users/shibata/.nodebrew/node/v5.2.0/lib/node_modules/npm/lib/run-script.js:147:19)
4 verbose stack     at /Users/shibata/.nodebrew/node/v5.2.0/lib/node_modules/npm/lib/run-script.js:57:5
4 verbose stack     at /Users/shibata/.nodebrew/node/v5.2.0/lib/node_modules/npm/node_modules/read-package-json/read-json.js:345:5
4 verbose stack     at checkBinReferences_ (/Users/shibata/.nodebrew/node/v5.2.0/lib/node_modules/npm/node_modules/read-package-json/read-json.js:309:45)
4 verbose stack     at final (/Users/shibata/.nodebrew/node/v5.2.0/lib/node_modules/npm/node_modules/read-package-json/read-json.js:343:3)
4 verbose stack     at then (/Users/shibata/.nodebrew/node/v5.2.0/lib/node_modules/npm/node_modules/read-package-json/read-json.js:113:5)
4 verbose stack     at /Users/shibata/.nodebrew/node/v5.2.0/lib/node_modules/npm/node_modules/read-package-json/read-json.js:300:12
4 verbose stack     at /Users/shibata/.nodebrew/node/v5.2.0/lib/node_modules/npm/node_modules/graceful-fs/graceful-fs.js:76:16
4 verbose stack     at tryToString (fs.js:415:3)
4 verbose stack     at FSReqWrap.readFileAfterClose [as oncomplete] (fs.js:402:12)
5 verbose cwd /Users/shibata/proj/express-fingerprint
6 error Darwin 15.5.0
7 error argv "/Users/shibata/.nodebrew/node/v5.2.0/bin/node" "/Users/shibata/.nodebrew/current/bin/npm" "start"
8 error node v5.2.0
9 error npm  v3.3.12
10 error missing script: start
11 error If you need help, you may report this error at:
11 error     <https://github.com/npm/npm/issues>
12 verbose exit [ 1, true ]
